   1              		.syntax unified
   2              		.cpu cortex-m3
   3              		.fpu softvfp
   4              		.eabi_attribute 20, 1
   5              		.eabi_attribute 21, 1
   6              		.eabi_attribute 23, 3
   7              		.eabi_attribute 24, 1
   8              		.eabi_attribute 25, 1
   9              		.eabi_attribute 26, 1
  10              		.eabi_attribute 30, 2
  11              		.eabi_attribute 34, 1
  12              		.eabi_attribute 18, 4
  13              		.thumb
  14              		.file	"Get_SysClock.c"
  15              		.text
  16              	.Ltext0:
  17              		.cfi_sections	.debug_frame
  18              		.section	.text.System_Information,"ax",%progbits
  19              		.align	2
  20              		.global	System_Information
  21              		.thumb
  22              		.thumb_func
  24              	System_Information:
  25              	.LFB0:
  26              		.file 1 "../LIB_AP/Ap_Core/Get_SysClock.c"
   1:../LIB_AP/Ap_Core/Get_SysClock.c **** #define GET_SYSCLOCK_LOCAL
   2:../LIB_AP/Ap_Core/Get_SysClock.c **** 
   3:../LIB_AP/Ap_Core/Get_SysClock.c **** #include "Get_SysClock.h"
   4:../LIB_AP/Ap_Core/Get_SysClock.c **** 
   5:../LIB_AP/Ap_Core/Get_SysClock.c **** extern __IO uint32_t StartUpCounter;
   6:../LIB_AP/Ap_Core/Get_SysClock.c **** 
   7:../LIB_AP/Ap_Core/Get_SysClock.c **** 
   8:../LIB_AP/Ap_Core/Get_SysClock.c **** GET_SYSCLOCK_DEF void System_Information(void);
   9:../LIB_AP/Ap_Core/Get_SysClock.c **** 
  10:../LIB_AP/Ap_Core/Get_SysClock.c **** GET_SYSCLOCK_DEF void System_Information(void)
  11:../LIB_AP/Ap_Core/Get_SysClock.c **** {
  27              		.loc 1 11 0
  28              		.cfi_startproc
  29              		@ args = 0, pretend = 0, frame = 24
  30              		@ frame_needed = 0, uses_anonymous_args = 0
  31 0000 10B5     		push	{r4, lr}
  32              	.LCFI0:
  33              		.cfi_def_cfa_offset 8
  34              		.cfi_offset 4, -8
  35              		.cfi_offset 14, -4
  12:../LIB_AP/Ap_Core/Get_SysClock.c **** 
  13:../LIB_AP/Ap_Core/Get_SysClock.c ****     RCC_ClocksTypeDef  rcc_clocks;
  14:../LIB_AP/Ap_Core/Get_SysClock.c ****     printf("StartUpCounter : %d\n", StartUpCounter);
  36              		.loc 1 14 0
  37 0002 0D4B     		ldr	r3, .L3
  11:../LIB_AP/Ap_Core/Get_SysClock.c **** 
  38              		.loc 1 11 0
  39 0004 86B0     		sub	sp, sp, #24
  40              	.LCFI1:
  41              		.cfi_def_cfa_offset 32
  42              		.loc 1 14 0
  43 0006 0D4C     		ldr	r4, .L3+4
  44 0008 1968     		ldr	r1, [r3]
  45 000a 0D48     		ldr	r0, .L3+8
  46 000c A047     		blx	r4
  47              	.LVL0:
  15:../LIB_AP/Ap_Core/Get_SysClock.c ****     RCC_GetClocksFreq(&rcc_clocks);
  48              		.loc 1 15 0
  49 000e 0D4B     		ldr	r3, .L3+12
  50 0010 01A8     		add	r0, sp, #4
  51 0012 9847     		blx	r3
  52              	.LVL1:
  16:../LIB_AP/Ap_Core/Get_SysClock.c ****     printf("SYSCLK_Frequency = %d\n",rcc_clocks.SYSCLK_Frequency );
  53              		.loc 1 16 0
  54 0014 0199     		ldr	r1, [sp, #4]
  55 0016 0C48     		ldr	r0, .L3+16
  56 0018 A047     		blx	r4
  57              	.LVL2:
  17:../LIB_AP/Ap_Core/Get_SysClock.c ****     printf("HCLK_Frequency = %d\n",rcc_clocks.HCLK_Frequency );
  58              		.loc 1 17 0
  59 001a 0299     		ldr	r1, [sp, #8]
  60 001c 0B48     		ldr	r0, .L3+20
  61 001e A047     		blx	r4
  62              	.LVL3:
  18:../LIB_AP/Ap_Core/Get_SysClock.c ****     printf("PCLK1_Frequency = %d\n",rcc_clocks.PCLK1_Frequency );
  63              		.loc 1 18 0
  64 0020 0399     		ldr	r1, [sp, #12]
  65 0022 0B48     		ldr	r0, .L3+24
  66 0024 A047     		blx	r4
  67              	.LVL4:
  19:../LIB_AP/Ap_Core/Get_SysClock.c ****     printf("PCLK2_Frequency = %d\n",rcc_clocks.PCLK2_Frequency );
  68              		.loc 1 19 0
  69 0026 0499     		ldr	r1, [sp, #16]
  70 0028 0A48     		ldr	r0, .L3+28
  71 002a A047     		blx	r4
  72              	.LVL5:
  20:../LIB_AP/Ap_Core/Get_SysClock.c ****     printf("ADCCLK_Frequency = %d\n",rcc_clocks.ADCCLK_Frequency );
  73              		.loc 1 20 0
  74 002c 0A48     		ldr	r0, .L3+32
  75 002e 0599     		ldr	r1, [sp, #20]
  76 0030 A047     		blx	r4
  77              	.LVL6:
  21:../LIB_AP/Ap_Core/Get_SysClock.c **** }...
  78              		.loc 1 21 0
  79 0032 06B0     		add	sp, sp, #24
  80              	.LCFI2:
  81              		.cfi_def_cfa_offset 8
  82              		@ sp needed
  83 0034 10BD     		pop	{r4, pc}
  84              	.L4:
  85 0036 00BF     		.align	2
  86              	.L3:
  87 0038 00000000 		.word	StartUpCounter
  88 003c 00000000 		.word	printf
  89 0040 00000000 		.word	.LC0
  90 0044 00000000 		.word	RCC_GetClocksFreq
  91 0048 18000000 		.word	.LC1
  92 004c 30000000 		.word	.LC2
  93 0050 48000000 		.word	.LC3
  94 0054 60000000 		.word	.LC4
  95 0058 78000000 		.word	.LC5
  96              		.cfi_endproc
  97              	.LFE0:
  99              		.section	.data.ADCPrescTable,"aw",%progbits
 100              		.align	2
 103              	ADCPrescTable:
 104 0000 02       		.byte	2
 105 0001 04       		.byte	4
 106 0002 06       		.byte	6
 107 0003 08       		.byte	8
 108              		.section	.rodata.str1.4,"aMS",%progbits,1
 109              		.align	2
 110              	.LC0:
 111 0000 53746172 		.ascii	"StartUpCounter : %d\012\000"
 111      74557043 
 111      6F756E74 
 111      6572203A 
 111      2025640A 
 112 0015 000000   		.space	3
 113              	.LC1:
 114 0018 53595343 		.ascii	"SYSCLK_Frequency = %d\012\000"
 114      4C4B5F46 
 114      72657175 
 114      656E6379 
 114      203D2025 
 115 002f 00       		.space	1
 116              	.LC2:
 117 0030 48434C4B 		.ascii	"HCLK_Frequency = %d\012\000"
 117      5F467265 
 117      7175656E 
 117      6379203D 
 117      2025640A 
 118 0045 000000   		.space	3
 119              	.LC3:
 120 0048 50434C4B 		.ascii	"PCLK1_Frequency = %d\012\000"
 120      315F4672 
 120      65717565 
 120      6E637920 
 120      3D202564 
 121 005e 0000     		.space	2
 122              	.LC4:
 123 0060 50434C4B 		.ascii	"PCLK2_Frequency = %d\012\000"
 123      325F4672 
 123      65717565 
 123      6E637920 
 123      3D202564 
 124 0076 0000     		.space	2
 125              	.LC5:
 126 0078 41444343 		.ascii	"ADCCLK_Frequency = %d\012\000"
 126      4C4B5F46 
 126      72657175 
 126      656E6379 
 126      203D2025 
 127 008f 00       		.section	.data.APBAHBPrescTable,"aw",%progbits
 128              		.align	2
 131              	APBAHBPrescTable:
 132 0000 00       		.byte	0
 133 0001 00       		.byte	0
 134 0002 00       		.byte	0
 135 0003 00       		.byte	0
 136 0004 00       		.byte	0
 137 0005 00       		.byte	0
 138 0006 00       		.byte	0
 139 0007 00       		.byte	0
 140 0008 01       		.byte	1
 141 0009 02       		.byte	2
 142 000a 03       		.byte	3
 143 000b 04       		.byte	4
 144 000c 06       		.byte	6
 145 000d 07       		.byte	7
 146 000e 08       		.byte	8
 147 000f 09       		.byte	9
 148              		.text
 149              	.Letext0:
 150              		.file 2 "c:\\program files (x86)\\gnu tools arm embedded\\4.9 2015q1\\arm-none-eabi\\include\\mach
 151              		.file 3 "c:\\program files (x86)\\gnu tools arm embedded\\4.9 2015q1\\arm-none-eabi\\include\\stdi
 152              		.file 4 "../LIB_HW/Hw_Core/Hw_Reg.h"
 153              		.file 5 "../LIB_HW/Hw_Core/Hw_Rcc.h"
DEFINED SYMBOLS
                            *ABS*:00000000 Get_SysClock.c
C:\Users\CANDH\AppData\Local\Temp\ccXuLZpv.s:19     .text.System_Information:00000000 $t
C:\Users\CANDH\AppData\Local\Temp\ccXuLZpv.s:24     .text.System_Information:00000000 System_Information
C:\Users\CANDH\AppData\Local\Temp\ccXuLZpv.s:87     .text.System_Information:00000038 $d
C:\Users\CANDH\AppData\Local\Temp\ccXuLZpv.s:100    .data.ADCPrescTable:00000000 $d
C:\Users\CANDH\AppData\Local\Temp\ccXuLZpv.s:103    .data.ADCPrescTable:00000000 ADCPrescTable
C:\Users\CANDH\AppData\Local\Temp\ccXuLZpv.s:109    .rodata.str1.4:00000000 $d
C:\Users\CANDH\AppData\Local\Temp\ccXuLZpv.s:128    .data.APBAHBPrescTable:00000000 $d
C:\Users\CANDH\AppData\Local\Temp\ccXuLZpv.s:131    .data.APBAHBPrescTable:00000000 APBAHBPrescTable
                     .debug_frame:00000010 $d

UNDEFINED SYMBOLS
StartUpCounter
printf
RCC_GetClocksFreq
